-------------------------------------------------------------------------------
Test set: com.liveintent.weather.weatherservice.WeatherserviceApplicationTests
-------------------------------------------------------------------------------
Tests run: 11, Failures: 1, Errors: 0, Skipped: 0, Time elapsed: 15.376 s <<< FAILURE! - in com.liveintent.weather.weatherservice.WeatherserviceApplicationTests
shouldReturnHumidityInMessage  Time elapsed: 0.514 s  <<< FAILURE!
java.lang.AssertionError: Status expected:<200> but was:<204>
	at com.liveintent.weather.weatherservice.WeatherserviceApplicationTests.shouldReturnHumidityInMessage(WeatherserviceApplicationTests.java:44)

