<?xml version="1.0" encoding="UTF-8"?>
<testsuite xmlns:xsi="http://www.w3.org/2001/XMLSchema-instance" xsi:noNamespaceSchemaLocation="https://maven.apache.org/surefire/maven-surefire-plugin/xsd/surefire-test-report.xsd" name="com.liveintent.weather.weatherservice.WeatherserviceApplicationTests" time="17.874" tests="3" errors="1" skipped="0" failures="1">
  <properties>
[...]
</properties>
  <testcase name="shouldReturnString" classname="com.liveintent.weather.weatherservice.WeatherserviceApplicationTests" time="0.125">
    <error message="java.lang.NullPointerException: Cannot invoke &quot;Object.getClass()&quot; because &quot;o&quot; is null" type="java.lang.IllegalArgumentException">java.lang.IllegalArgumentException: java.lang.NullPointerException: Cannot invoke "Object.getClass()" because "o" is null
	at com.liveintent.weather.weatherservice.WeatherserviceApplicationTests.shouldReturnString(WeatherserviceApplicationTests.java:52)
</error>
    <system-out><![CDATA[12:16:25.020 [main] DEBUG org.springframework.boot.test.context.SpringBootTestContextBootstrapper -- Neither @ContextConfiguration nor @ContextHierarchy found for test class [WeatherserviceApplicationTests]: using SpringBootContextLoader
12:16:25.034 [main] DEBUG org.springframework.test.context.support.AbstractContextLoader -- Could not detect default resource locations for test class [com.liveintent.weather.weatherservice.WeatherserviceApplicationTests]: no resource found for suffixes {-context.xml, Context.groovy}.
12:16:25.037 [main] INFO org.springframework.test.context.support.AnnotationConfigContextLoaderUtils -- Could not detect default configuration classes for test class [com.liveintent.weather.weatherservice.WeatherserviceApplicationTests]: WeatherserviceApplicationTests does not declare any static, non-private, non-final, nested classes annotated with @Configuration.
12:16:25.274 [main] DEBUG org.springframework.boot.test.context.SpringBootTestContextBootstrapper -- Using ContextCustomizers for test class [WeatherserviceApplicationTests]: [ImportsContextCustomizer, ExcludeFilterContextCustomizer, DuplicateJsonObjectContextCustomizer, MockitoContextCustomizer, TestRestTemplateContextCustomizer, DisableObservabilityContextCustomizer, PropertyMappingContextCustomizer, WebDriverContextCustomizer]
12:16:25.571 [main] DEBUG org.springframework.context.annotation.ClassPathScanningCandidateComponentProvider -- Identified candidate component class: file [/Users/harrisonpaup/Documents/workspace/weather-project/weatherservice/target/classes/com/liveintent/weather/weatherservice/WeatherserviceApplication.class]
12:16:25.573 [main] INFO org.springframework.boot.test.context.SpringBootTestContextBootstrapper -- Found @SpringBootConfiguration com.liveintent.weather.weatherservice.WeatherserviceApplication for test class com.liveintent.weather.weatherservice.WeatherserviceApplicationTests
12:16:26.091 [main] DEBUG org.springframework.test.context.util.TestContextSpringFactoriesUtils -- Skipping candidate TestExecutionListener [org.springframework.test.context.observation.MicrometerObservationRegistryTestExecutionListener] due to a missing dependency. Specify custom TestExecutionListener classes or make the default TestExecutionListener classes and their required dependencies available. Offending class: io.micrometer.context.ThreadLocalAccessor. MicrometerObservationRegistryTestExecutionListener requires io.micrometer:micrometer-observation:1.10.8 or higher and io.micrometer:context-propagation:1.0.3 or higher.
12:16:26.161 [main] DEBUG org.springframework.boot.test.context.SpringBootTestContextBootstrapper -- Using TestExecutionListeners for test class [WeatherserviceApplicationTests]: [ServletTestExecutionListener, DirtiesContextBeforeModesTestExecutionListener, ApplicationEventsTestExecutionListener, MockitoTestExecutionListener, DependencyInjectionTestExecutionListener, DirtiesContextTestExecutionListener, TransactionalTestExecutionListener, SqlScriptsTestExecutionListener, EventPublishingTestExecutionListener, ResetMocksTestExecutionListener, RestDocsTestExecutionListener, MockRestServiceServerResetTestExecutionListener, MockMvcPrintOnlyOnFailureTestExecutionListener, WebDriverTestExecutionListener, MockWebServiceServerTestExecutionListener]
12:16:26.167 [main] DEBUG org.springframework.test.context.support.DirtiesContextBeforeModesTestExecutionListener -- Before test class: class [WeatherserviceApplicationTests], class annotated with @DirtiesContext [false] with mode [null]

  .   ____          _            __ _ _
 /\\ / ___'_ __ _ _(_)_ __  __ _ \ \ \ \
( ( )\___ | '_ | '_| | '_ \/ _` | \ \ \ \
 \\/  ___)| |_)| | | | | || (_| |  ) ) ) )
  '  |____| .__|_| |_|_| |_\__, | / / / /
 =========|_|==============|___/=/_/_/_/
 :: Spring Boot ::               (v3.0.12)

2023-11-18T12:16:27.379-05:00  INFO 7070 --- [           main] c.l.w.w.WeatherserviceApplicationTests   : Starting WeatherserviceApplicationTests using Java 21.0.1 with PID 7070 (started by harrisonpaup in /Users/harrisonpaup/Documents/workspace/weather-project/weatherservice)
2023-11-18T12:16:27.381-05:00  INFO 7070 --- [           main] c.l.w.w.WeatherserviceApplicationTests   : No active profile set, falling back to 1 default profile: "default"
2023-11-18T12:16:30.168-05:00  INFO 7070 --- [           main] .s.d.r.c.RepositoryConfigurationDelegate : Bootstrapping Spring Data JPA repositories in DEFAULT mode.
2023-11-18T12:16:30.266-05:00  INFO 7070 --- [           main] .s.d.r.c.RepositoryConfigurationDelegate : Finished Spring Data repository scanning in 46 ms. Found 0 JPA repository interfaces.
2023-11-18T12:16:33.487-05:00  INFO 7070 --- [           main] com.zaxxer.hikari.HikariDataSource       : HikariPool-1 - Starting...
2023-11-18T12:16:34.402-05:00  INFO 7070 --- [           main] com.zaxxer.hikari.pool.HikariPool        : HikariPool-1 - Added connection conn0: url=jdbc:h2:mem:bd67f8bc-066a-4ce2-bde5-26cfc6c3e972 user=SA
2023-11-18T12:16:34.406-05:00  INFO 7070 --- [           main] com.zaxxer.hikari.HikariDataSource       : HikariPool-1 - Start completed.
2023-11-18T12:16:34.594-05:00  INFO 7070 --- [           main] o.hibernate.jpa.internal.util.LogHelper  : HHH000204: Processing PersistenceUnitInfo [name: default]
2023-11-18T12:16:34.936-05:00  INFO 7070 --- [           main] org.hibernate.Version                    : HHH000412: Hibernate ORM core version 6.1.7.Final
2023-11-18T12:16:35.934-05:00  INFO 7070 --- [           main] SQL dialect                              : HHH000400: Using dialect: org.hibernate.dialect.H2Dialect
2023-11-18T12:16:37.430-05:00  INFO 7070 --- [           main] o.h.e.t.j.p.i.JtaPlatformInitiator       : HHH000490: Using JtaPlatform implementation: [org.hibernate.engine.transaction.jta.platform.internal.NoJtaPlatform]
2023-11-18T12:16:37.543-05:00  INFO 7070 --- [           main] j.LocalContainerEntityManagerFactoryBean : Initialized JPA EntityManagerFactory for persistence unit 'default'
2023-11-18T12:16:39.327-05:00  WARN 7070 --- [           main] JpaBaseConfiguration$JpaWebConfiguration : spring.jpa.open-in-view is enabled by default. Therefore, database queries may be performed during view rendering. Explicitly configure spring.jpa.open-in-view to disable this warning
2023-11-18T12:16:40.671-05:00  INFO 7070 --- [           main] o.s.b.t.m.w.SpringBootMockServletContext : Initializing Spring TestDispatcherServlet ''
2023-11-18T12:16:40.671-05:00  INFO 7070 --- [           main] o.s.t.web.servlet.TestDispatcherServlet  : Initializing Servlet ''
2023-11-18T12:16:40.675-05:00  INFO 7070 --- [           main] o.s.t.web.servlet.TestDispatcherServlet  : Completed initialization in 2 ms
2023-11-18T12:16:40.727-05:00  INFO 7070 --- [           main] c.l.w.w.WeatherserviceApplicationTests   : Started WeatherserviceApplicationTests in 14.314 seconds (process running for 18.863)
]]></system-out>
  </testcase>
  <testcase name="shouldReturnHumidityInMessage" classname="com.liveintent.weather.weatherservice.WeatherserviceApplicationTests" time="0.554">
    <failure message="Status expected:&lt;200&gt; but was:&lt;204&gt;" type="java.lang.AssertionError"><![CDATA[java.lang.AssertionError: Status expected:<200> but was:<204>
	at com.liveintent.weather.weatherservice.WeatherserviceApplicationTests.shouldReturnHumidityInMessage(WeatherserviceApplicationTests.java:46)
]]></failure>
    <system-out><![CDATA[
MockHttpServletRequest:
      HTTP Method = GET
      Request URI = /api/forecast
       Parameters = {units=[I], city=[miami]}
          Headers = []
             Body = null
    Session Attrs = {}

Handler:
             Type = com.liveintent.weather.weatherservice.web.WeatherController
           Method = com.liveintent.weather.weatherservice.web.WeatherController#getFiveDayForecastByCityOrCoordinates(Map)

Async:
    Async started = false
     Async result = null

Resolved Exception:
             Type = null

ModelAndView:
        View name = null
             View = null
            Model = null

FlashMap:
       Attributes = null

MockHttpServletResponse:
           Status = 204
    Error message = null
          Headers = []
     Content type = null
             Body = 
    Forwarded URL = null
   Redirected URL = null
          Cookies = []

MockHttpServletRequest:
      HTTP Method = GET
      Request URI = /api/forecast
       Parameters = {units=[I], city=[miami]}
          Headers = []
             Body = null
    Session Attrs = {}

Handler:
             Type = com.liveintent.weather.weatherservice.web.WeatherController
           Method = com.liveintent.weather.weatherservice.web.WeatherController#getFiveDayForecastByCityOrCoordinates(Map)

Async:
    Async started = false
     Async result = null

Resolved Exception:
             Type = null

ModelAndView:
        View name = null
             View = null
            Model = null

FlashMap:
       Attributes = null

MockHttpServletResponse:
           Status = 204
    Error message = null
          Headers = []
     Content type = null
             Body = 
    Forwarded URL = null
   Redirected URL = null
          Cookies = []
]]></system-out>
  </testcase>
  <testcase name="contextLoads" classname="com.liveintent.weather.weatherservice.WeatherserviceApplicationTests" time="0.334"/>
</testsuite>